<?xml version="1.0" encoding="UTF-8"?>
<Site BuildName="Linux-g++"
	BuildStamp="20240118-1633-Experimental"
	Name="BenDesktop"
	Generator="ctest-3.22.1"
	CompilerName="/usr/bin/g++"
	CompilerVersion="11.4.0"
	OSName="Linux"
	Hostname="BenDesktop"
	OSRelease="5.15.133.1-microsoft-standard-WSL2"
	OSVersion="#1 SMP Thu Oct 5 21:02:42 UTC 2023"
	OSPlatform="x86_64"
	Is64Bits="1"
	VendorString="GenuineIntel"
	VendorID="Intel Corporation"
	FamilyID="6"
	ModelID="158"
	ProcessorCacheSize="12288"
	NumberOfLogicalCPU="12"
	NumberOfPhysicalCPU="6"
	TotalVirtualMemory="7168"
	TotalPhysicalMemory="26053"
	LogicalProcessorsPerPhysical="2"
	ProcessorClockFrequency="3192.01"
	>
	<Testing>
		<StartDateTime>Jan 18 11:33 EST</StartDateTime>
		<StartTestTime>1705595604</StartTestTime>
		<TestList/>
		<EndDateTime>Jan 18 11:33 EST</EndDateTime>
		<EndTestTime>1705595604</EndTestTime>
		<ElapsedMinutes>0</ElapsedMinutes>
	</Testing>
</Site>
